c:\users\haimsa\documents\visual studio 2013\projects\chess\chess\debug\vc120.pdb
c:\users\haimsa\documents\visual studio 2013\projects\chess\chess\debug\vc120.idb
c:\users\haimsa\documents\visual studio 2013\projects\chess\chess\debug\chess.obj
c:\users\haimsa\documents\visual studio 2013\projects\chess\chess\debug\gamestatemanager.obj
c:\users\haimsa\documents\visual studio 2013\projects\chess\chess\debug\settingsstatemanager.obj
c:\users\haimsa\documents\visual studio 2013\projects\chess\chess\debug\utils.obj
c:\users\haimsa\documents\visual studio 2013\projects\chess\chess\debug\getmoves.obj
c:\users\haimsa\documents\visual studio 2013\projects\chess\chess\debug\chesslogic.obj
c:\users\haimsa\documents\visual studio 2013\projects\chess\chess\debug\minimax.obj
c:\users\haimsa\documents\visual studio 2013\projects\chess\chess\debug\io.obj
c:\users\haimsa\documents\visual studio 2013\projects\chess\chess\debug\main.obj
c:\users\haimsa\documents\visual studio 2013\projects\chess\chess\debug\gui.obj
c:\users\haimsa\documents\visual studio 2013\projects\chess\chess\debug\guisettingsstatemanager.obj
c:\users\haimsa\documents\visual studio 2013\projects\chess\chess\debug\guiutils.obj
c:\users\haimsa\documents\visual studio 2013\projects\chess\chess\debug\guiboard.obj
c:\users\haimsa\documents\visual studio 2013\projects\chess\debug\chess.ilk
c:\users\haimsa\documents\visual studio 2013\projects\chess\debug\chess.exe
c:\users\haimsa\documents\visual studio 2013\projects\chess\debug\chess.pdb
c:\users\haimsa\documents\visual studio 2013\projects\chess\chess\debug\chess.tlog\cl.command.1.tlog
c:\users\haimsa\documents\visual studio 2013\projects\chess\chess\debug\chess.tlog\cl.read.1.tlog
c:\users\haimsa\documents\visual studio 2013\projects\chess\chess\debug\chess.tlog\cl.write.1.tlog
c:\users\haimsa\documents\visual studio 2013\projects\chess\chess\debug\chess.tlog\link.command.1.tlog
c:\users\haimsa\documents\visual studio 2013\projects\chess\chess\debug\chess.tlog\link.read.1.tlog
c:\users\haimsa\documents\visual studio 2013\projects\chess\chess\debug\chess.tlog\link.write.1.tlog
